[1.045s] DEBUG:colcon:Command line arguments: ['/usr/bin/colcon', 'build', '--symlink-install']
[1.046s] DEBUG:colcon:Parsed command line arguments: Namespace(log_base=None, log_level=None, verb_name='build', build_base='build', install_base='install', merge_install=False, symlink_install=True, test_result_base=None, continue_on_error=False, executor='parallel', parallel_workers=8, event_handlers=None, ignore_user_meta=False, metas=['./colcon.meta'], base_paths=['.'], packages_ignore=None, packages_ignore_regex=None, paths=None, packages_up_to=None, packages_up_to_regex=None, packages_above=None, packages_above_and_dependencies=None, packages_above_depth=None, packages_select_by_dep=None, packages_skip_by_dep=None, packages_skip_up_to=None, packages_select_build_failed=False, packages_skip_build_finished=False, packages_select_test_failures=False, packages_skip_test_passed=False, packages_select=None, packages_skip=None, packages_select_regex=None, packages_skip_regex=None, packages_start=None, packages_end=None, allow_overriding=[], cmake_args=None, cmake_target=None, cmake_target_skip_unavailable=False, cmake_clean_cache=False, cmake_clean_first=False, cmake_force_configure=False, ament_cmake_args=None, catkin_cmake_args=None, catkin_skip_building_tests=False, verb_parser=<colcon_defaults.argument_parser.defaults.DefaultArgumentsDecorator object at 0x74096ddc00a0>, verb_extension=<colcon_core.verb.build.BuildVerb object at 0x74096dec8ca0>, main=<bound method BuildVerb.main of <colcon_core.verb.build.BuildVerb object at 0x74096dec8ca0>>)
[4.162s] Level 1:colcon.colcon_core.package_discovery:discover_packages(colcon_meta) check parameters
[4.162s] Level 1:colcon.colcon_core.package_discovery:discover_packages(recursive) check parameters
[4.163s] Level 1:colcon.colcon_core.package_discovery:discover_packages(ignore) check parameters
[4.163s] Level 1:colcon.colcon_core.package_discovery:discover_packages(path) check parameters
[4.163s] Level 1:colcon.colcon_core.package_discovery:discover_packages(colcon_meta) discover
[4.163s] Level 1:colcon.colcon_core.package_discovery:discover_packages(recursive) discover
[4.163s] INFO:colcon.colcon_core.package_discovery:Crawling recursively for packages in '/home/manhad1/dev_ws/src/my_bot'
[4.164s] Level 1:colcon.colcon_core.package_identification:_identify(.) by extensions ['ignore', 'ignore_ament_install']
[4.164s] Level 1:colcon.colcon_core.package_identification:_identify(.) by extension 'ignore'
[4.164s] Level 1:colcon.colcon_core.package_identification:_identify(.) by extension 'ignore_ament_install'
[4.164s] Level 1:colcon.colcon_core.package_identification:_identify(.) by extensions ['colcon_pkg']
[4.165s] Level 1:colcon.colcon_core.package_identification:_identify(.) by extension 'colcon_pkg'
[4.165s] Level 1:colcon.colcon_core.package_identification:_identify(.) by extensions ['colcon_meta']
[4.165s] Level 1:colcon.colcon_core.package_identification:_identify(.) by extension 'colcon_meta'
[4.165s] Level 1:colcon.colcon_core.package_identification:_identify(.) by extensions ['ros']
[4.165s] Level 1:colcon.colcon_core.package_identification:_identify(.) by extension 'ros'
[4.200s] DEBUG:colcon.colcon_core.package_identification:Package '.' with type 'ros.ament_cmake' and name 'my_bot'
[4.200s] Level 1:colcon.colcon_core.package_discovery:discover_packages(recursive) using defaults
[4.200s] Level 1:colcon.colcon_core.package_discovery:discover_packages(ignore) discover
[4.200s] Level 1:colcon.colcon_core.package_discovery:discover_packages(ignore) using defaults
[4.200s] Level 1:colcon.colcon_core.package_discovery:discover_packages(path) discover
[4.200s] Level 1:colcon.colcon_core.package_discovery:discover_packages(path) using defaults
[4.366s] Level 1:colcon.colcon_core.package_discovery:discover_packages(prefix_path) check parameters
[4.367s] Level 1:colcon.colcon_core.package_discovery:discover_packages(prefix_path) discover
[4.406s] DEBUG:colcon.colcon_installed_package_information.package_discovery:Found 1 installed packages in /home/manhad1/dev_ws/install
[4.425s] DEBUG:colcon.colcon_installed_package_information.package_discovery:Found 1 installed packages in /home/manhad1/install
[4.429s] DEBUG:colcon.colcon_installed_package_information.package_discovery:Found 280 installed packages in /opt/ros/humble
[4.457s] Level 1:colcon.colcon_core.package_discovery:discover_packages(prefix_path) using defaults
[5.819s] Level 5:colcon.colcon_core.verb:set package 'my_bot' build argument 'cmake_args' from command line to 'None'
[5.819s] Level 5:colcon.colcon_core.verb:set package 'my_bot' build argument 'cmake_target' from command line to 'None'
[5.819s] Level 5:colcon.colcon_core.verb:set package 'my_bot' build argument 'cmake_target_skip_unavailable' from command line to 'False'
[5.819s] Level 5:colcon.colcon_core.verb:set package 'my_bot' build argument 'cmake_clean_cache' from command line to 'False'
[5.819s] Level 5:colcon.colcon_core.verb:set package 'my_bot' build argument 'cmake_clean_first' from command line to 'False'
[5.819s] Level 5:colcon.colcon_core.verb:set package 'my_bot' build argument 'cmake_force_configure' from command line to 'False'
[5.819s] Level 5:colcon.colcon_core.verb:set package 'my_bot' build argument 'ament_cmake_args' from command line to 'None'
[5.819s] Level 5:colcon.colcon_core.verb:set package 'my_bot' build argument 'catkin_cmake_args' from command line to 'None'
[5.819s] Level 5:colcon.colcon_core.verb:set package 'my_bot' build argument 'catkin_skip_building_tests' from command line to 'False'
[5.819s] DEBUG:colcon.colcon_core.verb:Building package 'my_bot' with the following arguments: {'ament_cmake_args': None, 'build_base': '/home/manhad1/dev_ws/src/my_bot/build/my_bot', 'catkin_cmake_args': None, 'catkin_skip_building_tests': False, 'cmake_args': None, 'cmake_clean_cache': False, 'cmake_clean_first': False, 'cmake_force_configure': False, 'cmake_target': None, 'cmake_target_skip_unavailable': False, 'install_base': '/home/manhad1/dev_ws/src/my_bot/install/my_bot', 'merge_install': False, 'path': '/home/manhad1/dev_ws/src/my_bot', 'symlink_install': True, 'test_result_base': None}
[5.819s] INFO:colcon.colcon_core.executor:Executing jobs using 'parallel' executor
[5.820s] DEBUG:colcon.colcon_parallel_executor.executor.parallel:run_until_complete
[5.820s] INFO:colcon.colcon_ros.task.ament_cmake.build:Building ROS package in '/home/manhad1/dev_ws/src/my_bot' with build type 'ament_cmake'
[5.820s] INFO:colcon.colcon_cmake.task.cmake.build:Building CMake package in '/home/manhad1/dev_ws/src/my_bot'
[5.874s] INFO:colcon.colcon_core.plugin_system:Skipping extension 'colcon_core.shell.bat': Not used on non-Windows systems
[5.875s] INFO:colcon.colcon_core.shell:Skip shell extension 'powershell' for command environment: Not usable outside of PowerShell
[5.875s] DEBUG:colcon.colcon_core.shell:Skip shell extension 'dsv' for command environment
[5.915s] DEBUG:colcon.colcon_core.event_handler.log_command:Invoking command in '/home/manhad1/dev_ws/src/my_bot/build/my_bot': CMAKE_PREFIX_PATH=${CMAKE_PREFIX_PATH}:/opt/ros/humble /usr/bin/cmake /home/manhad1/dev_ws/src/my_bot -DAMENT_CMAKE_SYMLINK_INSTALL=1 -DCMAKE_INSTALL_PREFIX=/home/manhad1/dev_ws/src/my_bot/install/my_bot
[9.027s] DEBUG:colcon.colcon_core.event_handler.log_command:Invoked command in '/home/manhad1/dev_ws/src/my_bot/build/my_bot' returned '0': CMAKE_PREFIX_PATH=${CMAKE_PREFIX_PATH}:/opt/ros/humble /usr/bin/cmake /home/manhad1/dev_ws/src/my_bot -DAMENT_CMAKE_SYMLINK_INSTALL=1 -DCMAKE_INSTALL_PREFIX=/home/manhad1/dev_ws/src/my_bot/install/my_bot
[9.028s] DEBUG:colcon.colcon_core.event_handler.log_command:Invoking command in '/home/manhad1/dev_ws/src/my_bot/build/my_bot': CMAKE_PREFIX_PATH=${CMAKE_PREFIX_PATH}:/opt/ros/humble /usr/bin/cmake --build /home/manhad1/dev_ws/src/my_bot/build/my_bot -- -j8 -l8
[9.061s] DEBUG:colcon.colcon_core.event_handler.log_command:Invoked command in '/home/manhad1/dev_ws/src/my_bot/build/my_bot' returned '0': CMAKE_PREFIX_PATH=${CMAKE_PREFIX_PATH}:/opt/ros/humble /usr/bin/cmake --build /home/manhad1/dev_ws/src/my_bot/build/my_bot -- -j8 -l8
[9.088s] DEBUG:colcon.colcon_core.event_handler.log_command:Invoking command in '/home/manhad1/dev_ws/src/my_bot/build/my_bot': CMAKE_PREFIX_PATH=${CMAKE_PREFIX_PATH}:/opt/ros/humble /usr/bin/cmake --install /home/manhad1/dev_ws/src/my_bot/build/my_bot
[9.322s] Level 1:colcon.colcon_core.environment:create_environment_scripts_only(my_bot)
[9.323s] DEBUG:colcon.colcon_core.event_handler.log_command:Invoked command in '/home/manhad1/dev_ws/src/my_bot/build/my_bot' returned '0': CMAKE_PREFIX_PATH=${CMAKE_PREFIX_PATH}:/opt/ros/humble /usr/bin/cmake --install /home/manhad1/dev_ws/src/my_bot/build/my_bot
[9.418s] Level 1:colcon.colcon_core.environment:checking '/home/manhad1/dev_ws/src/my_bot/install/my_bot' for CMake module files
[9.419s] Level 1:colcon.colcon_core.environment:checking '/home/manhad1/dev_ws/src/my_bot/install/my_bot' for CMake config files
[9.420s] Level 1:colcon.colcon_core.shell:create_environment_hook('my_bot', 'cmake_prefix_path')
[9.421s] INFO:colcon.colcon_core.shell:Creating environment hook '/home/manhad1/dev_ws/src/my_bot/install/my_bot/share/my_bot/hook/cmake_prefix_path.ps1'
[9.436s] INFO:colcon.colcon_core.shell:Creating environment descriptor '/home/manhad1/dev_ws/src/my_bot/install/my_bot/share/my_bot/hook/cmake_prefix_path.dsv'
[9.453s] INFO:colcon.colcon_core.shell:Creating environment hook '/home/manhad1/dev_ws/src/my_bot/install/my_bot/share/my_bot/hook/cmake_prefix_path.sh'
[9.455s] Level 1:colcon.colcon_core.environment:checking '/home/manhad1/dev_ws/src/my_bot/install/my_bot/bin'
[9.456s] Level 1:colcon.colcon_core.environment:checking '/home/manhad1/dev_ws/src/my_bot/install/my_bot/lib/pkgconfig/my_bot.pc'
[9.456s] Level 1:colcon.colcon_core.environment:checking '/home/manhad1/dev_ws/src/my_bot/install/my_bot/lib/python3.10/site-packages'
[9.457s] Level 1:colcon.colcon_core.environment:checking '/home/manhad1/dev_ws/src/my_bot/install/my_bot/bin'
[9.458s] INFO:colcon.colcon_core.shell:Creating package script '/home/manhad1/dev_ws/src/my_bot/install/my_bot/share/my_bot/package.ps1'
[9.460s] INFO:colcon.colcon_core.shell:Creating package descriptor '/home/manhad1/dev_ws/src/my_bot/install/my_bot/share/my_bot/package.dsv'
[9.461s] INFO:colcon.colcon_core.shell:Creating package script '/home/manhad1/dev_ws/src/my_bot/install/my_bot/share/my_bot/package.sh'
[9.464s] INFO:colcon.colcon_core.shell:Creating package script '/home/manhad1/dev_ws/src/my_bot/install/my_bot/share/my_bot/package.bash'
[9.482s] INFO:colcon.colcon_core.shell:Creating package script '/home/manhad1/dev_ws/src/my_bot/install/my_bot/share/my_bot/package.zsh'
[9.500s] Level 1:colcon.colcon_core.environment:create_file_with_runtime_dependencies(/home/manhad1/dev_ws/src/my_bot/install/my_bot/share/colcon-core/packages/my_bot)
[9.559s] Level 1:colcon.colcon_core.environment:create_environment_scripts_only(my_bot)
[9.560s] Level 1:colcon.colcon_core.environment:checking '/home/manhad1/dev_ws/src/my_bot/install/my_bot' for CMake module files
[9.562s] Level 1:colcon.colcon_core.environment:checking '/home/manhad1/dev_ws/src/my_bot/install/my_bot' for CMake config files
[9.564s] Level 1:colcon.colcon_core.shell:create_environment_hook('my_bot', 'cmake_prefix_path')
[9.565s] INFO:colcon.colcon_core.shell:Creating environment hook '/home/manhad1/dev_ws/src/my_bot/install/my_bot/share/my_bot/hook/cmake_prefix_path.ps1'
[9.567s] INFO:colcon.colcon_core.shell:Creating environment descriptor '/home/manhad1/dev_ws/src/my_bot/install/my_bot/share/my_bot/hook/cmake_prefix_path.dsv'
[9.568s] INFO:colcon.colcon_core.shell:Creating environment hook '/home/manhad1/dev_ws/src/my_bot/install/my_bot/share/my_bot/hook/cmake_prefix_path.sh'
[9.570s] Level 1:colcon.colcon_core.environment:checking '/home/manhad1/dev_ws/src/my_bot/install/my_bot/bin'
[9.570s] Level 1:colcon.colcon_core.environment:checking '/home/manhad1/dev_ws/src/my_bot/install/my_bot/lib/pkgconfig/my_bot.pc'
[9.571s] Level 1:colcon.colcon_core.environment:checking '/home/manhad1/dev_ws/src/my_bot/install/my_bot/lib/python3.10/site-packages'
[9.572s] Level 1:colcon.colcon_core.environment:checking '/home/manhad1/dev_ws/src/my_bot/install/my_bot/bin'
[9.573s] INFO:colcon.colcon_core.shell:Creating package script '/home/manhad1/dev_ws/src/my_bot/install/my_bot/share/my_bot/package.ps1'
[9.575s] INFO:colcon.colcon_core.shell:Creating package descriptor '/home/manhad1/dev_ws/src/my_bot/install/my_bot/share/my_bot/package.dsv'
[9.576s] INFO:colcon.colcon_core.shell:Creating package script '/home/manhad1/dev_ws/src/my_bot/install/my_bot/share/my_bot/package.sh'
[9.577s] INFO:colcon.colcon_core.shell:Creating package script '/home/manhad1/dev_ws/src/my_bot/install/my_bot/share/my_bot/package.bash'
[9.578s] INFO:colcon.colcon_core.shell:Creating package script '/home/manhad1/dev_ws/src/my_bot/install/my_bot/share/my_bot/package.zsh'
[9.579s] Level 1:colcon.colcon_core.environment:create_file_with_runtime_dependencies(/home/manhad1/dev_ws/src/my_bot/install/my_bot/share/colcon-core/packages/my_bot)
[9.579s] DEBUG:colcon.colcon_parallel_executor.executor.parallel:closing loop
[9.580s] DEBUG:colcon.colcon_parallel_executor.executor.parallel:loop closed
[9.580s] DEBUG:colcon.colcon_parallel_executor.executor.parallel:run_until_complete finished with '0'
[9.581s] DEBUG:colcon.colcon_core.event_reactor:joining thread
[9.633s] INFO:colcon.colcon_core.plugin_system:Skipping extension 'colcon_notification.desktop_notification.terminal_notifier': Not used on non-Darwin systems
[9.633s] INFO:colcon.colcon_core.plugin_system:Skipping extension 'colcon_notification.desktop_notification.win32': Not used on non-Windows systems
[9.633s] INFO:colcon.colcon_notification.desktop_notification:Sending desktop notification using 'notify2'
[9.672s] DEBUG:colcon.colcon_core.event_reactor:joined thread
[9.672s] INFO:colcon.colcon_core.shell:Creating prefix script '/home/manhad1/dev_ws/src/my_bot/install/local_setup.ps1'
[9.674s] INFO:colcon.colcon_core.shell:Creating prefix util module '/home/manhad1/dev_ws/src/my_bot/install/_local_setup_util_ps1.py'
[9.676s] INFO:colcon.colcon_core.shell:Creating prefix chain script '/home/manhad1/dev_ws/src/my_bot/install/setup.ps1'
[9.678s] INFO:colcon.colcon_core.shell:Creating prefix script '/home/manhad1/dev_ws/src/my_bot/install/local_setup.sh'
[9.679s] INFO:colcon.colcon_core.shell:Creating prefix util module '/home/manhad1/dev_ws/src/my_bot/install/_local_setup_util_sh.py'
[9.680s] INFO:colcon.colcon_core.shell:Creating prefix chain script '/home/manhad1/dev_ws/src/my_bot/install/setup.sh'
[9.682s] INFO:colcon.colcon_core.shell:Creating prefix script '/home/manhad1/dev_ws/src/my_bot/install/local_setup.bash'
[9.682s] INFO:colcon.colcon_core.shell:Creating prefix chain script '/home/manhad1/dev_ws/src/my_bot/install/setup.bash'
[9.683s] INFO:colcon.colcon_core.shell:Creating prefix script '/home/manhad1/dev_ws/src/my_bot/install/local_setup.zsh'
[9.684s] INFO:colcon.colcon_core.shell:Creating prefix chain script '/home/manhad1/dev_ws/src/my_bot/install/setup.zsh'
